<?xml version="1.0" encoding="UTF-8"?>
<!-- Generated by org.testng.reporters.JUnitReportReporter -->
<testsuite hostname="DESKTOP-NH3HAU6" failures="0" tests="1" name="testCases.LoginPageTest" time="6.671" errors="0" timestamp="22 Sep 2022 23:55:48 GMT" skipped="0">
  <testcase classname="testCases.LoginPageTest" name="loginTest" time="6.671"/>
</testsuite> <!-- testCases.LoginPageTest -->
