<?xml version="1.0" encoding="UTF-8"?>
<!-- Generated by org.testng.reporters.JUnitReportReporter -->
<testsuite hostname="DESKTOP-NH3HAU6" failures="0" tests="1" name="testCases.CartPageTest" time="73.226" errors="0" timestamp="22 Sep 2022 14:51:33 GMT" skipped="0">
  <testcase classname="testCases.CartPageTest" name="gotoCartTest" time="73.226"/>
</testsuite> <!-- testCases.CartPageTest -->
