<?xml version="1.0" encoding="UTF-8"?>
<!-- Generated by org.testng.reporters.JUnitReportReporter -->
<testsuite hostname="DESKTOP-NH3HAU6" failures="0" tests="1" name="testCases.ProductViewPageTest" time="50.741" errors="0" timestamp="22 Sep 2022 05:17:55 GMT" skipped="0">
  <testcase classname="testCases.ProductViewPageTest" name="productQuantityTest" time="50.741"/>
</testsuite> <!-- testCases.ProductViewPageTest -->
