<?xml version="1.0" encoding="UTF-8"?>
<!-- Generated by org.testng.reporters.JUnitReportReporter -->
<testsuite hostname="DESKTOP-NH3HAU6" failures="0" tests="1" name="testCases.ProductPageTest" time="24.029" errors="0" timestamp="21 Sep 2022 23:28:44 GMT" skipped="0">
  <testcase classname="testCases.ProductPageTest" name="verifyProductViewTest" time="24.029"/>
</testsuite> <!-- testCases.ProductPageTest -->
